<?xml version="1.0" encoding="UTF-8"?>
<testng-results ignored="0" total="3" passed="2" failed="1" skipped="0">
  <reporter-output>
  </reporter-output>
  <suite started-at="2022-10-27T18:28:00 IST" name="Suite" finished-at="2022-10-27T18:28:52 IST" duration-ms="52351">
    <groups>
    </groups>
    <test started-at="2022-10-27T18:28:00 IST" name="Test" finished-at="2022-10-27T18:28:52 IST" duration-ms="52351">
      <class name="testCases.LoginFunctionality">
        <test-method is-config="true" signature="browserSetup()[pri:0, instance:testCases.LoginFunctionality@68d279ec]" started-at="2022-10-27T18:28:00 IST" name="browserSetup" finished-at="2022-10-27T18:28:06 IST" duration-ms="5532" status="PASS">
          <reporter-output>
          </reporter-output>
        </test-method> <!-- browserSetup -->
        <test-method signature="VerifyVaildLogin()[pri:0, instance:testCases.LoginFunctionality@68d279ec]" started-at="2022-10-27T18:28:06 IST" name="VerifyVaildLogin" description="Verify the Login Functionality with Valid Credentails" finished-at="2022-10-27T18:28:15 IST" duration-ms="8949" status="PASS">
          <reporter-output>
          </reporter-output>
        </test-method> <!-- VerifyVaildLogin -->
        <test-method is-config="true" signature="tearDown()[pri:0, instance:testCases.LoginFunctionality@68d279ec]" started-at="2022-10-27T18:28:15 IST" name="tearDown" finished-at="2022-10-27T18:28:15 IST" duration-ms="246" status="PASS">
          <reporter-output>
          </reporter-output>
        </test-method> <!-- tearDown -->
        <test-method is-config="true" signature="browserSetup()[pri:0, instance:testCases.LoginFunctionality@68d279ec]" started-at="2022-10-27T18:28:15 IST" name="browserSetup" finished-at="2022-10-27T18:28:19 IST" duration-ms="3679" status="PASS">
          <reporter-output>
          </reporter-output>
        </test-method> <!-- browserSetup -->
        <test-method signature="VerifyInvalidCred()[pri:1, instance:testCases.LoginFunctionality@68d279ec]" started-at="2022-10-27T18:28:19 IST" name="VerifyInvalidCred" description="Verify the Login Functionality with In-Valid Credentails" finished-at="2022-10-27T18:28:23 IST" duration-ms="4561" status="PASS">
          <reporter-output>
          </reporter-output>
        </test-method> <!-- VerifyInvalidCred -->
        <test-method is-config="true" signature="tearDown()[pri:0, instance:testCases.LoginFunctionality@68d279ec]" started-at="2022-10-27T18:28:23 IST" name="tearDown" finished-at="2022-10-27T18:28:40 IST" duration-ms="16219" status="PASS">
          <reporter-output>
          </reporter-output>
        </test-method> <!-- tearDown -->
        <test-method is-config="true" signature="browserSetup()[pri:0, instance:testCases.LoginFunctionality@68d279ec]" started-at="2022-10-27T18:28:40 IST" name="browserSetup" finished-at="2022-10-27T18:28:43 IST" duration-ms="3429" status="PASS">
          <reporter-output>
          </reporter-output>
        </test-method> <!-- browserSetup -->
        <test-method signature="verifyHomePage()[pri:2, instance:testCases.LoginFunctionality@68d279ec]" started-at="2022-10-27T18:28:43 IST" name="verifyHomePage" description="Verify the HomePage Title" finished-at="2022-10-27T18:28:52 IST" duration-ms="8810" status="FAIL">
          <exception class="java.lang.AssertionError">
            <message>
              <![CDATA[expected [AssetPanda - Management System12345] but found [AssetPanda - Management System]]]>
            </message>
            <full-stacktrace>
              <![CDATA[java.lang.AssertionError: expected [AssetPanda - Management System12345] but found [AssetPanda - Management System]
at org.testng.Assert.fail(Assert.java:99)
at org.testng.Assert.failNotEquals(Assert.java:1037)
at org.testng.Assert.assertEqualsImpl(Assert.java:140)
at org.testng.Assert.assertEquals(Assert.java:122)
at org.testng.Assert.assertEquals(Assert.java:629)
at org.testng.Assert.assertEquals(Assert.java:639)
at testCases.LoginFunctionality.verifyHomePage(LoginFunctionality.java:78)
at java.base/jdk.internal.reflect.NativeMethodAccessorImpl.invoke0(Native Method)
at java.base/jdk.internal.reflect.NativeMethodAccessorImpl.invoke(NativeMethodAccessorImpl.java:62)
at java.base/jdk.internal.reflect.DelegatingMethodAccessorImpl.invoke(DelegatingMethodAccessorImpl.java:43)
at java.base/java.lang.reflect.Method.invoke(Method.java:566)
at org.testng.internal.MethodInvocationHelper.invokeMethod(MethodInvocationHelper.java:133)
at org.testng.internal.TestInvoker.invokeMethod(TestInvoker.java:598)
at org.testng.internal.TestInvoker.invokeTestMethod(TestInvoker.java:173)
at org.testng.internal.MethodRunner.runInSequence(MethodRunner.java:46)
at org.testng.internal.TestInvoker$MethodInvocationAgent.invoke(TestInvoker.java:824)
at org.testng.internal.TestInvoker.invokeTestMethods(TestInvoker.java:146)
at org.testng.internal.TestMethodWorker.invokeTestMethods(TestMethodWorker.java:146)
at org.testng.internal.TestMethodWorker.run(TestMethodWorker.java:128)
at java.base/java.util.ArrayList.forEach(ArrayList.java:1541)
at org.testng.TestRunner.privateRun(TestRunner.java:794)
at org.testng.TestRunner.run(TestRunner.java:596)
at org.testng.SuiteRunner.runTest(SuiteRunner.java:377)
at org.testng.SuiteRunner.runSequentially(SuiteRunner.java:371)
at org.testng.SuiteRunner.privateRun(SuiteRunner.java:332)
at org.testng.SuiteRunner.run(SuiteRunner.java:276)
at org.testng.SuiteRunnerWorker.runSuite(SuiteRunnerWorker.java:53)
at org.testng.SuiteRunnerWorker.run(SuiteRunnerWorker.java:96)
at org.testng.TestNG.runSuitesSequentially(TestNG.java:1212)
at org.testng.TestNG.runSuitesLocally(TestNG.java:1134)
at org.testng.TestNG.runSuites(TestNG.java:1063)
at org.testng.TestNG.run(TestNG.java:1031)
at org.testng.remote.AbstractRemoteTestNG.run(AbstractRemoteTestNG.java:115)
at org.testng.remote.RemoteTestNG.initAndRun(RemoteTestNG.java:251)
at org.testng.remote.RemoteTestNG.main(RemoteTestNG.java:77)
]]>
            </full-stacktrace>
          </exception> <!-- java.lang.AssertionError -->
          <reporter-output>
          </reporter-output>
        </test-method> <!-- verifyHomePage -->
        <test-method is-config="true" signature="tearDown()[pri:0, instance:testCases.LoginFunctionality@68d279ec]" started-at="2022-10-27T18:28:52 IST" name="tearDown" finished-at="2022-10-27T18:28:52 IST" duration-ms="138" status="PASS">
          <reporter-output>
          </reporter-output>
        </test-method> <!-- tearDown -->
      </class> <!-- testCases.LoginFunctionality -->
    </test> <!-- Test -->
  </suite> <!-- Suite -->
</testng-results>
