<?xml version="1.0" encoding="UTF-8"?>
<testng-results ignored="0" total="2" passed="1" failed="1" skipped="0">
  <reporter-output>
  </reporter-output>
  <suite started-at="2022-10-17T17:36:34 IST" name="Suite" finished-at="2022-10-17T17:37:01 IST" duration-ms="26337">
    <groups>
    </groups>
    <test started-at="2022-10-17T17:36:34 IST" name="Test" finished-at="2022-10-17T17:37:01 IST" duration-ms="26337">
      <class name="testCases.LoginFunctionality">
        <test-method is-config="true" signature="extentSetup()[pri:0, instance:testCases.LoginFunctionality@76b07f29]" started-at="2022-10-17T17:36:35 IST" name="extentSetup" finished-at="2022-10-17T17:36:35 IST" duration-ms="145" status="PASS">
          <reporter-output>
          </reporter-output>
        </test-method> <!-- extentSetup -->
        <test-method is-config="true" signature="setUp()[pri:0, instance:testCases.LoginFunctionality@76b07f29]" started-at="2022-10-17T17:36:35 IST" name="setUp" finished-at="2022-10-17T17:36:40 IST" duration-ms="5327" status="PASS">
          <reporter-output>
          </reporter-output>
        </test-method> <!-- setUp -->
        <test-method signature="LoginValidCredentails()[pri:0, instance:testCases.LoginFunctionality@76b07f29]" started-at="2022-10-17T17:36:40 IST" name="LoginValidCredentails" finished-at="2022-10-17T17:36:54 IST" duration-ms="13148" status="PASS">
          <reporter-output>
          </reporter-output>
        </test-method> <!-- LoginValidCredentails -->
        <test-method is-config="true" signature="tearDown(org.testng.ITestResult)[pri:0, instance:testCases.LoginFunctionality@76b07f29]" started-at="2022-10-17T17:36:54 IST" name="tearDown" finished-at="2022-10-17T17:36:56 IST" duration-ms="2412" status="PASS">
          <params>
            <param index="0">
              <value>
                <![CDATA[[TestResult name=LoginValidCredentails status=SUCCESS method=LoginFunctionality.LoginValidCredentails()[pri:0, instance:testCases.LoginFunctionality@76b07f29] output={null}]]]>
              </value>
            </param>
          </params>
          <reporter-output>
          </reporter-output>
        </test-method> <!-- tearDown -->
        <test-method is-config="true" signature="setUp()[pri:0, instance:testCases.LoginFunctionality@76b07f29]" started-at="2022-10-17T17:36:56 IST" name="setUp" finished-at="2022-10-17T17:37:00 IST" duration-ms="3893" status="PASS">
          <reporter-output>
          </reporter-output>
        </test-method> <!-- setUp -->
        <test-method signature="LoginInvalidCredentails()[pri:1, instance:testCases.LoginFunctionality@76b07f29]" started-at="2022-10-17T17:37:00 IST" name="LoginInvalidCredentails" finished-at="2022-10-17T17:37:00 IST" duration-ms="141" status="FAIL">
          <exception class="java.lang.IllegalArgumentException">
            <message>
              <![CDATA[Keys to send should be a not null CharSequence]]>
            </message>
            <full-stacktrace>
              <![CDATA[java.lang.IllegalArgumentException: Keys to send should be a not null CharSequence
at org.openqa.selenium.remote.RemoteWebElement.sendKeys(RemoteWebElement.java:98)
at java.base/jdk.internal.reflect.NativeMethodAccessorImpl.invoke0(Native Method)
at java.base/jdk.internal.reflect.NativeMethodAccessorImpl.invoke(NativeMethodAccessorImpl.java:62)
at java.base/jdk.internal.reflect.DelegatingMethodAccessorImpl.invoke(DelegatingMethodAccessorImpl.java:43)
at java.base/java.lang.reflect.Method.invoke(Method.java:566)
at org.openqa.selenium.support.pagefactory.internal.LocatingElementHandler.invoke(LocatingElementHandler.java:52)
at com.sun.proxy.$Proxy33.sendKeys(Unknown Source)
at pages.LoginPage.loginCred(LoginPage.java:31)
at testCases.LoginFunctionality.LoginInvalidCredentails(LoginFunctionality.java:72)
at java.base/jdk.internal.reflect.NativeMethodAccessorImpl.invoke0(Native Method)
at java.base/jdk.internal.reflect.NativeMethodAccessorImpl.invoke(NativeMethodAccessorImpl.java:62)
at java.base/jdk.internal.reflect.DelegatingMethodAccessorImpl.invoke(DelegatingMethodAccessorImpl.java:43)
at java.base/java.lang.reflect.Method.invoke(Method.java:566)
at org.testng.internal.MethodInvocationHelper.invokeMethod(MethodInvocationHelper.java:133)
at org.testng.internal.TestInvoker.invokeMethod(TestInvoker.java:598)
at org.testng.internal.TestInvoker.invokeTestMethod(TestInvoker.java:173)
at org.testng.internal.MethodRunner.runInSequence(MethodRunner.java:46)
at org.testng.internal.TestInvoker$MethodInvocationAgent.invoke(TestInvoker.java:824)
at org.testng.internal.TestInvoker.invokeTestMethods(TestInvoker.java:146)
at org.testng.internal.TestMethodWorker.invokeTestMethods(TestMethodWorker.java:146)
at org.testng.internal.TestMethodWorker.run(TestMethodWorker.java:128)
at java.base/java.util.ArrayList.forEach(ArrayList.java:1541)
at org.testng.TestRunner.privateRun(TestRunner.java:794)
at org.testng.TestRunner.run(TestRunner.java:596)
at org.testng.SuiteRunner.runTest(SuiteRunner.java:377)
at org.testng.SuiteRunner.runSequentially(SuiteRunner.java:371)
at org.testng.SuiteRunner.privateRun(SuiteRunner.java:332)
at org.testng.SuiteRunner.run(SuiteRunner.java:276)
at org.testng.SuiteRunnerWorker.runSuite(SuiteRunnerWorker.java:53)
at org.testng.SuiteRunnerWorker.run(SuiteRunnerWorker.java:96)
at org.testng.TestNG.runSuitesSequentially(TestNG.java:1212)
at org.testng.TestNG.runSuitesLocally(TestNG.java:1134)
at org.testng.TestNG.runSuites(TestNG.java:1063)
at org.testng.TestNG.run(TestNG.java:1031)
at org.testng.remote.AbstractRemoteTestNG.run(AbstractRemoteTestNG.java:115)
at org.testng.remote.RemoteTestNG.initAndRun(RemoteTestNG.java:251)
at org.testng.remote.RemoteTestNG.main(RemoteTestNG.java:77)
]]>
            </full-stacktrace>
          </exception> <!-- java.lang.IllegalArgumentException -->
          <reporter-output>
          </reporter-output>
        </test-method> <!-- LoginInvalidCredentails -->
        <test-method is-config="true" signature="tearDown(org.testng.ITestResult)[pri:0, instance:testCases.LoginFunctionality@76b07f29]" started-at="2022-10-17T17:37:00 IST" name="tearDown" finished-at="2022-10-17T17:37:00 IST" duration-ms="137" status="PASS">
          <params>
            <param index="0">
              <value>
                <![CDATA[[TestResult name=LoginInvalidCredentails status=FAILURE method=LoginFunctionality.LoginInvalidCredentails()[pri:1, instance:testCases.LoginFunctionality@76b07f29] output={null}]]]>
              </value>
            </param>
          </params>
          <reporter-output>
          </reporter-output>
        </test-method> <!-- tearDown -->
        <test-method is-config="true" signature="endTestReport()[pri:0, instance:testCases.LoginFunctionality@76b07f29]" started-at="2022-10-17T17:37:00 IST" name="endTestReport" finished-at="2022-10-17T17:37:01 IST" duration-ms="412" status="PASS">
          <reporter-output>
          </reporter-output>
        </test-method> <!-- endTestReport -->
      </class> <!-- testCases.LoginFunctionality -->
    </test> <!-- Test -->
  </suite> <!-- Suite -->
</testng-results>
